[2022-06-24T06:31:50.572Z] Log level: Info
[2022-06-24T06:31:50.578Z] [info] Validating found git in: git
[2022-06-24T06:31:50.645Z] [info] Using git 2.30.2 from git
[2022-06-24T06:31:51.330Z] > git rev-parse --show-toplevel [603ms]
[2022-06-24T06:31:51.489Z] > git rev-parse --git-dir --git-common-dir [103ms]
[2022-06-24T06:31:51.530Z] [info] Open repository: /home/www
[2022-06-24T06:31:51.568Z] > git fetch [22ms]
[2022-06-24T06:31:51.568Z] error: cannot open .git/FETCH_HEAD: Permission denied
[2022-06-24T06:31:51.715Z] > git status -z -uall [153ms]
[2022-06-24T06:31:52.464Z] > git check-ignore -v -z --stdin [12ms]
[2022-06-24T06:31:52.758Z] > git show --textconv :profileRuang.php [6ms]
[2022-06-24T06:31:52.767Z] > git ls-files --stage -- /home/www/profileRuang.php [10ms]
[2022-06-24T07:04:03.301Z] > git show --textconv :index.php [8ms]
[2022-06-24T07:04:03.306Z] > git ls-files --stage -- /home/www/index.php [6ms]
[2022-06-24T07:04:03.313Z] > git cat-file -s a3c796521be5648c43d5c4f08723974ddc0ad1e1 [2ms]
[2022-06-24T07:05:26.729Z] > git show --textconv :viewPengumuman.php [7ms]
[2022-06-24T07:05:26.733Z] > git ls-files --stage -- /home/www/viewPengumuman.php [4ms]
[2022-06-24T07:06:13.308Z] > git show --textconv :viewPenelitian.php [9ms]
[2022-06-24T07:06:13.312Z] > git ls-files --stage -- /home/www/viewPenelitian.php [5ms]
[2022-06-24T07:30:21.374Z] > git check-ignore -v -z --stdin [7ms]
[2022-06-24T07:30:23.374Z] > git show --textconv :includes/penelitian.php [9ms]
[2022-06-24T07:30:23.378Z] > git ls-files --stage -- /home/www/includes/penelitian.php [4ms]
[2022-06-24T07:30:36.797Z] > git show --textconv :viewPenelitian.php [12ms]
[2022-06-24T07:30:36.800Z] > git ls-files --stage -- /home/www/viewPenelitian.php [4ms]
[2022-06-24T07:30:58.099Z] > git show --textconv :includes/penelitian.php [6ms]
[2022-06-24T07:30:58.102Z] > git ls-files --stage -- /home/www/includes/penelitian.php [4ms]
