[2022-06-24T01:10:56.746Z] Log level: Info
[2022-06-24T01:10:56.748Z] [info] Validating found git in: git
[2022-06-24T01:10:56.783Z] [info] Using git 2.30.2 from git
[2022-06-24T01:10:57.189Z] > git rev-parse --show-toplevel [389ms]
[2022-06-24T01:10:57.331Z] > git rev-parse --git-dir --git-common-dir [100ms]
[2022-06-24T01:10:57.364Z] [info] Open repository: /home/www
[2022-06-24T01:10:57.562Z] > git status -z -uall [152ms]
[2022-06-24T01:10:58.366Z] > git check-ignore -v -z --stdin [5ms]
[2022-06-24T01:10:58.537Z] > git show --textconv :includes/penelitian.php [7ms]
[2022-06-24T01:10:58.542Z] > git ls-files --stage -- /home/www/includes/penelitian.php [6ms]
[2022-06-24T01:11:27.686Z] > git show --textconv :includes/materi.php [8ms]
[2022-06-24T01:11:27.689Z] > git ls-files --stage -- /home/www/includes/materi.php [4ms]
[2022-06-24T01:11:30.063Z] > git check-ignore -v -z --stdin [6ms]
[2022-06-24T01:11:35.805Z] > git show --textconv :includes/penelitian.php [9ms]
[2022-06-24T01:11:35.809Z] > git ls-files --stage -- /home/www/includes/penelitian.php [5ms]
[2022-06-24T01:29:54.518Z] > git check-ignore -v -z --stdin [4ms]
[2022-06-24T01:29:59.820Z] > git show --textconv :index.php [10ms]
[2022-06-24T01:29:59.823Z] > git ls-files --stage -- /home/www/index.php [4ms]
[2022-06-24T01:29:59.830Z] > git cat-file -s a3c796521be5648c43d5c4f08723974ddc0ad1e1 [2ms]
[2022-06-24T01:30:39.223Z] > git show --textconv :profileRuang.php [7ms]
[2022-06-24T01:30:39.226Z] > git ls-files --stage -- /home/www/profileRuang.php [4ms]
