[2022-03-27T05:51:03.013Z] Validating found git in: git
[2022-03-27T05:51:03.058Z] Using git 2.30.2 from git
[2022-03-27T05:51:03.690Z] > git rev-parse --git-dir [91ms]
[2022-03-27T05:51:03.731Z] Open repository: /home/www
[2022-03-27T05:51:03.875Z] > git fetch [76ms]
[2022-03-27T05:51:03.875Z] error: cannot open .git/FETCH_HEAD: Permission denied
[2022-03-27T05:51:03.917Z] > git symbolic-ref --short HEAD [2ms]
[2022-03-27T05:51:03.922Z] > git for-each-ref --format=%(refname)%00%(upstream:short)%00%(objectname)%00%(upstream:track) refs/heads/master refs/remotes/master [1ms]
[2022-03-27T05:51:03.931Z] > git for-each-ref --sort -committerdate --format %(refname) %(objectname) %(*objectname) [5ms]
[2022-03-27T05:51:03.933Z] > git remote --verbose [3ms]
[2022-03-27T05:51:04.031Z] > git config --get commit.template [2ms]
[2022-03-27T05:51:15.515Z] > git ls-files --stage -- /home/www/includes/func.inc.php [5ms]
[2022-03-27T05:51:15.524Z] > git cat-file -s 80619dae652b52974d5ed051680a2e4382ef41d2 [2ms]
[2022-03-27T05:51:39.759Z] > git ls-files --stage -- /home/www/example_auth.php [4ms]
[2022-03-27T05:51:39.766Z] > git cat-file -s 54e1b127c9fbb5af26a75c9c78e39f6398a32fd8 [2ms]
[2022-03-27T05:51:50.912Z] > git ls-files --stage -- /home/www/example_update.php [5ms]
[2022-03-27T05:51:50.918Z] > git cat-file -s ede1dbe1cc6d9ea4981698a15e42729f4d2eecea [2ms]
[2022-03-27T05:57:10.446Z] > git fetch [5ms]
[2022-03-27T05:57:10.446Z] error: cannot open .git/FETCH_HEAD: Permission denied
[2022-03-27T05:57:18.517Z] > git ls-files --stage -- /home/www/example_auth.php [4ms]
[2022-03-27T05:57:18.524Z] > git cat-file -s 54e1b127c9fbb5af26a75c9c78e39f6398a32fd8 [2ms]
[2022-03-27T05:57:23.444Z] > git ls-files --stage -- /home/www/includes/config.inc.php [6ms]
[2022-03-27T05:57:23.450Z] > git cat-file -s ebdf986a93cc16a7cd38a561754872537e043c8c [1ms]
[2022-03-27T05:57:25.057Z] > git ls-files --stage -- /home/www/admin/index.php [4ms]
[2022-03-27T05:57:25.065Z] > git cat-file -s 1354a2c79aa606236de42340058f63b21c85ec8a [4ms]
