[2022-06-22T16:04:39.396Z] Log level: Info
[2022-06-22T16:04:39.398Z] [info] Validating found git in: git
[2022-06-22T16:04:39.433Z] [info] Using git 2.30.2 from git
[2022-06-22T16:04:39.813Z] > git rev-parse --show-toplevel [363ms]
[2022-06-22T16:04:39.944Z] > git rev-parse --git-dir --git-common-dir [85ms]
[2022-06-22T16:04:39.997Z] [info] Open repository: /home/www
[2022-06-22T16:04:40.076Z] > git fetch [41ms]
[2022-06-22T16:04:40.077Z] error: cannot open .git/FETCH_HEAD: Permission denied
[2022-06-22T16:04:40.320Z] > git status -z -uall [247ms]
[2022-06-22T16:04:40.744Z] > git show --textconv :includes/penelitian.php [6ms]
[2022-06-22T16:04:40.748Z] > git ls-files --stage -- /home/www/includes/penelitian.php [4ms]
[2022-06-22T16:04:40.874Z] > git check-ignore -v -z --stdin [16ms]
[2022-06-22T16:04:45.296Z] > git symbolic-ref --short HEAD [2ms]
[2022-06-22T16:04:45.302Z] > git for-each-ref --format=%(refname)%00%(upstream:short)%00%(objectname)%00%(upstream:track)%00%(upstream:remotename)%00%(upstream:remoteref) refs/heads/main refs/remotes/main [2ms]
[2022-06-22T16:04:45.313Z] > git for-each-ref --sort -committerdate --format %(refname) %(objectname) %(*objectname) [7ms]
[2022-06-22T16:04:45.315Z] > git remote --verbose [4ms]
[2022-06-22T16:04:49.465Z] > git config --get commit.template [52ms]
[2022-06-22T16:04:52.085Z] > git check-ignore -v -z --stdin [8ms]
[2022-06-22T16:04:53.060Z] > git check-ignore -v -z --stdin [5ms]
[2022-06-22T16:04:57.259Z] > git show --textconv :viewPengumuman.php [9ms]
[2022-06-22T16:04:57.263Z] > git ls-files --stage -- /home/www/viewPengumuman.php [5ms]
[2022-06-22T16:05:12.062Z] > git show --textconv :viewPenelitian.php [13ms]
[2022-06-22T16:05:12.066Z] > git ls-files --stage -- /home/www/viewPenelitian.php [6ms]
[2022-06-22T16:07:40.093Z] > git fetch [5ms]
[2022-06-22T16:07:40.093Z] error: cannot open .git/FETCH_HEAD: Permission denied
[2022-06-22T16:09:03.885Z] > git show --textconv :viewPengumuman.php [7ms]
[2022-06-22T16:09:03.889Z] > git ls-files --stage -- /home/www/viewPengumuman.php [4ms]
[2022-06-22T16:09:30.336Z] > git show --textconv :viewPenelitian.php [14ms]
[2022-06-22T16:09:30.340Z] > git ls-files --stage -- /home/www/viewPenelitian.php [5ms]
[2022-06-22T16:09:31.970Z] > git show --textconv :viewPengumuman.php [9ms]
[2022-06-22T16:09:31.974Z] > git ls-files --stage -- /home/www/viewPengumuman.php [5ms]
[2022-06-22T16:09:35.629Z] > git show --textconv :viewPenelitian.php [6ms]
[2022-06-22T16:09:35.632Z] > git ls-files --stage -- /home/www/viewPenelitian.php [4ms]
[2022-06-22T16:12:52.974Z] > git fetch [7ms]
[2022-06-22T16:12:52.974Z] error: cannot open .git/FETCH_HEAD: Permission denied
[2022-06-22T16:15:52.989Z] > git fetch [5ms]
[2022-06-22T16:15:52.989Z] error: cannot open .git/FETCH_HEAD: Permission denied
[2022-06-22T16:18:52.999Z] > git fetch [4ms]
[2022-06-22T16:18:52.999Z] error: cannot open .git/FETCH_HEAD: Permission denied
[2022-06-22T16:21:53.020Z] > git fetch [8ms]
[2022-06-22T16:21:53.020Z] error: cannot open .git/FETCH_HEAD: Permission denied
[2022-06-22T16:24:53.036Z] > git fetch [5ms]
[2022-06-22T16:24:53.036Z] error: cannot open .git/FETCH_HEAD: Permission denied
[2022-06-22T16:27:53.050Z] > git fetch [5ms]
[2022-06-22T16:27:53.050Z] error: cannot open .git/FETCH_HEAD: Permission denied
[2022-06-22T16:37:25.407Z] > git fetch [6ms]
[2022-06-22T16:37:25.407Z] error: cannot open .git/FETCH_HEAD: Permission denied
[2022-06-22T16:40:25.425Z] > git fetch [6ms]
[2022-06-22T16:40:25.425Z] error: cannot open .git/FETCH_HEAD: Permission denied
[2022-06-22T16:43:25.440Z] > git fetch [5ms]
[2022-06-22T16:43:25.440Z] error: cannot open .git/FETCH_HEAD: Permission denied
[2022-06-22T16:43:45.243Z] > git show --textconv :lab.php [9ms]
[2022-06-22T16:43:45.248Z] > git ls-files --stage -- /home/www/lab.php [7ms]
[2022-06-22T16:44:06.163Z] > git show --textconv :viewPenelitian.php [8ms]
[2022-06-22T16:44:06.167Z] > git ls-files --stage -- /home/www/viewPenelitian.php [4ms]
[2022-06-22T16:44:21.291Z] > git show --textconv :lab.php [10ms]
[2022-06-22T16:44:21.295Z] > git ls-files --stage -- /home/www/lab.php [5ms]
[2022-06-22T16:44:26.969Z] > git show --textconv :viewPenelitian.php [10ms]
[2022-06-22T16:44:26.972Z] > git ls-files --stage -- /home/www/viewPenelitian.php [4ms]
[2022-06-22T16:44:30.472Z] > git show --textconv :lab.php [7ms]
[2022-06-22T16:44:30.475Z] > git ls-files --stage -- /home/www/lab.php [4ms]
[2022-06-22T16:46:01.858Z] > git show --textconv :viewPenelitian.php [7ms]
[2022-06-22T16:46:01.863Z] > git ls-files --stage -- /home/www/viewPenelitian.php [5ms]
[2022-06-22T16:46:25.452Z] > git fetch [5ms]
[2022-06-22T16:46:25.452Z] error: cannot open .git/FETCH_HEAD: Permission denied
[2022-06-22T16:48:58.107Z] > git show --textconv :includes/pegawai.php [7ms]
[2022-06-22T16:48:58.110Z] > git ls-files --stage -- /home/www/includes/pegawai.php [3ms]
[2022-06-22T16:51:25.286Z] > git fetch [5ms]
[2022-06-22T16:51:25.286Z] error: cannot open .git/FETCH_HEAD: Permission denied
[2022-06-22T16:51:28.016Z] > git show --textconv :viewPenelitian.php [7ms]
[2022-06-22T16:51:28.019Z] > git ls-files --stage -- /home/www/viewPenelitian.php [4ms]
[2022-06-22T16:54:25.299Z] > git fetch [6ms]
[2022-06-22T16:54:25.299Z] error: cannot open .git/FETCH_HEAD: Permission denied
[2022-06-22T16:57:25.312Z] > git fetch [6ms]
[2022-06-22T16:57:25.312Z] error: cannot open .git/FETCH_HEAD: Permission denied
[2022-06-22T16:58:37.372Z] > git show --textconv :includes/pegawai.php [7ms]
[2022-06-22T16:58:37.375Z] > git ls-files --stage -- /home/www/includes/pegawai.php [4ms]
[2022-06-22T17:00:25.329Z] > git fetch [5ms]
[2022-06-22T17:00:25.329Z] error: cannot open .git/FETCH_HEAD: Permission denied
[2022-06-22T17:03:25.343Z] > git fetch [4ms]
[2022-06-22T17:03:25.344Z] error: cannot open .git/FETCH_HEAD: Permission denied
[2022-06-22T17:05:53.611Z] > git show --textconv :includes/func.inc.php [13ms]
[2022-06-22T17:05:53.613Z] > git ls-files --stage -- /home/www/includes/func.inc.php [5ms]
[2022-06-22T17:05:53.620Z] > git cat-file -s 80619dae652b52974d5ed051680a2e4382ef41d2 [2ms]
[2022-06-22T17:06:00.609Z] > git show --textconv :includes/pegawai.php [7ms]
[2022-06-22T17:06:00.612Z] > git ls-files --stage -- /home/www/includes/pegawai.php [4ms]
[2022-06-22T17:06:25.361Z] > git fetch [7ms]
[2022-06-22T17:06:25.362Z] error: cannot open .git/FETCH_HEAD: Permission denied
[2022-06-22T17:09:25.378Z] > git fetch [5ms]
[2022-06-22T17:09:25.378Z] error: cannot open .git/FETCH_HEAD: Permission denied
[2022-06-22T17:11:17.333Z] > git show --textconv :includes/penelitian.php [9ms]
[2022-06-22T17:11:17.336Z] > git ls-files --stage -- /home/www/includes/penelitian.php [3ms]
[2022-06-22T17:11:24.941Z] > git show --textconv :includes/pegawai.php [8ms]
[2022-06-22T17:11:24.945Z] > git ls-files --stage -- /home/www/includes/pegawai.php [5ms]
[2022-06-22T17:12:25.389Z] > git fetch [5ms]
[2022-06-22T17:12:25.389Z] error: cannot open .git/FETCH_HEAD: Permission denied
[2022-06-22T17:12:38.366Z] > git show --textconv :viewPenelitian.php [8ms]
[2022-06-22T17:12:38.369Z] > git ls-files --stage -- /home/www/viewPenelitian.php [4ms]
[2022-06-22T17:12:40.819Z] > git show --textconv :includes/penelitian.php [10ms]
[2022-06-22T17:12:40.822Z] > git ls-files --stage -- /home/www/includes/penelitian.php [4ms]
[2022-06-22T17:12:42.373Z] > git show --textconv :viewPenelitian.php [7ms]
[2022-06-22T17:12:42.376Z] > git ls-files --stage -- /home/www/viewPenelitian.php [4ms]
[2022-06-22T17:12:43.331Z] > git show --textconv :includes/pegawai.php [9ms]
[2022-06-22T17:12:43.334Z] > git ls-files --stage -- /home/www/includes/pegawai.php [4ms]
[2022-06-22T17:12:45.612Z] > git show --textconv :viewPenelitian.php [8ms]
[2022-06-22T17:12:45.616Z] > git ls-files --stage -- /home/www/viewPenelitian.php [4ms]
[2022-06-22T17:15:25.404Z] > git fetch [6ms]
[2022-06-22T17:15:25.404Z] error: cannot open .git/FETCH_HEAD: Permission denied
[2022-06-22T17:17:41.357Z] > git show --textconv :lab.php [7ms]
[2022-06-22T17:17:41.362Z] > git ls-files --stage -- /home/www/lab.php [5ms]
[2022-06-22T17:17:57.366Z] > git show --textconv :viewPenelitian.php [7ms]
[2022-06-22T17:17:57.370Z] > git ls-files --stage -- /home/www/viewPenelitian.php [5ms]
[2022-06-22T17:28:41.632Z] > git fetch [5ms]
[2022-06-22T17:28:41.632Z] error: cannot open .git/FETCH_HEAD: Permission denied
[2022-06-22T17:28:47.817Z] > git show --textconv :lab.php [8ms]
[2022-06-22T17:28:47.821Z] > git ls-files --stage -- /home/www/lab.php [5ms]
[2022-06-22T17:28:53.079Z] > git show --textconv :viewPenelitian.php [7ms]
[2022-06-22T17:28:53.082Z] > git ls-files --stage -- /home/www/viewPenelitian.php [4ms]
[2022-06-22T17:31:41.644Z] > git fetch [4ms]
[2022-06-22T17:31:41.644Z] error: cannot open .git/FETCH_HEAD: Permission denied
[2022-06-22T17:32:03.679Z] > git show --textconv :includes/pegawai.php [8ms]
[2022-06-22T17:32:03.682Z] > git ls-files --stage -- /home/www/includes/pegawai.php [4ms]
[2022-06-22T17:32:15.104Z] > git show --textconv :viewPenelitian.php [10ms]
[2022-06-22T17:32:15.107Z] > git ls-files --stage -- /home/www/viewPenelitian.php [4ms]
[2022-06-22T17:34:41.664Z] > git fetch [9ms]
[2022-06-22T17:34:41.664Z] error: cannot open .git/FETCH_HEAD: Permission denied
[2022-06-22T17:39:22.970Z] > git fetch [5ms]
[2022-06-22T17:39:22.970Z] error: cannot open .git/FETCH_HEAD: Permission denied
[2022-06-22T17:42:22.983Z] > git fetch [4ms]
[2022-06-22T17:42:22.983Z] error: cannot open .git/FETCH_HEAD: Permission denied
[2022-06-22T17:45:23.001Z] > git fetch [6ms]
[2022-06-22T17:45:23.001Z] error: cannot open .git/FETCH_HEAD: Permission denied
[2022-06-22T17:48:23.018Z] > git fetch [5ms]
[2022-06-22T17:48:23.018Z] error: cannot open .git/FETCH_HEAD: Permission denied
[2022-06-22T17:51:23.036Z] > git fetch [6ms]
[2022-06-22T17:51:23.036Z] error: cannot open .git/FETCH_HEAD: Permission denied
[2022-06-22T17:54:23.048Z] > git fetch [5ms]
[2022-06-22T17:54:23.048Z] error: cannot open .git/FETCH_HEAD: Permission denied
[2022-06-22T17:57:23.060Z] > git fetch [5ms]
[2022-06-22T17:57:23.060Z] error: cannot open .git/FETCH_HEAD: Permission denied
[2022-06-22T18:00:23.076Z] > git fetch [4ms]
[2022-06-22T18:00:23.076Z] error: cannot open .git/FETCH_HEAD: Permission denied
[2022-06-22T18:03:23.089Z] > git fetch [5ms]
[2022-06-22T18:03:23.089Z] error: cannot open .git/FETCH_HEAD: Permission denied
[2022-06-22T18:06:23.101Z] > git fetch [5ms]
[2022-06-22T18:06:23.101Z] error: cannot open .git/FETCH_HEAD: Permission denied
[2022-06-22T18:09:23.121Z] > git fetch [6ms]
[2022-06-22T18:09:23.121Z] error: cannot open .git/FETCH_HEAD: Permission denied
[2022-06-22T18:12:23.136Z] > git fetch [5ms]
[2022-06-22T18:12:23.136Z] error: cannot open .git/FETCH_HEAD: Permission denied
[2022-06-22T18:15:23.146Z] > git fetch [4ms]
[2022-06-22T18:15:23.146Z] error: cannot open .git/FETCH_HEAD: Permission denied
