[2022-06-23T05:06:47.771Z] Log level: Info
[2022-06-23T05:06:47.776Z] [info] Validating found git in: git
[2022-06-23T05:06:47.820Z] [info] Using git 2.30.2 from git
[2022-06-23T05:06:48.481Z] > git rev-parse --show-toplevel [644ms]
[2022-06-23T05:06:48.637Z] > git rev-parse --git-dir --git-common-dir [113ms]
[2022-06-23T05:06:48.678Z] [info] Open repository: /home/www
[2022-06-23T05:06:48.736Z] > git fetch [28ms]
[2022-06-23T05:06:48.736Z] error: cannot open .git/FETCH_HEAD: Permission denied
[2022-06-23T05:06:48.875Z] > git status -z -uall [161ms]
[2022-06-23T05:06:49.604Z] > git check-ignore -v -z --stdin [7ms]
[2022-06-23T05:06:49.951Z] > git show --textconv :includes/penelitian.php [8ms]
[2022-06-23T05:06:49.955Z] > git ls-files --stage -- /home/www/includes/penelitian.php [5ms]
[2022-06-23T05:07:00.549Z] > git show --textconv :viewPenelitian.php [10ms]
[2022-06-23T05:07:00.553Z] > git ls-files --stage -- /home/www/viewPenelitian.php [5ms]
[2022-06-23T05:07:00.874Z] > git check-ignore -v -z --stdin [4ms]
[2022-06-23T05:07:34.629Z] > git show --textconv :includes/penelitian.php [9ms]
[2022-06-23T05:07:34.633Z] > git ls-files --stage -- /home/www/includes/penelitian.php [4ms]
[2022-06-23T05:07:35.005Z] > git check-ignore -v -z --stdin [6ms]
[2022-06-23T05:07:36.990Z] > git show --textconv :viewPenelitian.php [8ms]
[2022-06-23T05:07:36.994Z] > git ls-files --stage -- /home/www/viewPenelitian.php [4ms]
[2022-06-23T05:08:31.597Z] > git show --textconv :includes/penelitian.php [6ms]
[2022-06-23T05:08:31.600Z] > git ls-files --stage -- /home/www/includes/penelitian.php [4ms]
[2022-06-23T05:08:40.704Z] > git show --textconv :viewPenelitian.php [8ms]
[2022-06-23T05:08:40.712Z] > git ls-files --stage -- /home/www/viewPenelitian.php [11ms]
[2022-06-23T05:25:16.244Z] > git show --textconv :includes/penelitian.php [6ms]
[2022-06-23T05:25:16.247Z] > git ls-files --stage -- /home/www/includes/penelitian.php [4ms]
[2022-06-23T05:46:20.023Z] > git show --textconv :index.php [9ms]
[2022-06-23T05:46:20.026Z] > git ls-files --stage -- /home/www/index.php [5ms]
[2022-06-23T05:46:20.034Z] > git cat-file -s a3c796521be5648c43d5c4f08723974ddc0ad1e1 [2ms]
[2022-06-23T05:51:44.953Z] > git show --textconv :includes/penelitian.php [6ms]
[2022-06-23T05:51:44.957Z] > git ls-files --stage -- /home/www/includes/penelitian.php [4ms]
[2022-06-23T05:51:48.315Z] > git show --textconv :jadwalRuang.php [6ms]
[2022-06-23T05:51:48.318Z] > git ls-files --stage -- /home/www/jadwalRuang.php [4ms]
[2022-06-23T05:51:49.577Z] > git show --textconv :includes/penelitian.php [5ms]
[2022-06-23T05:51:49.581Z] > git ls-files --stage -- /home/www/includes/penelitian.php [4ms]
[2022-06-23T05:51:50.976Z] > git show --textconv :profileRuang.php [7ms]
[2022-06-23T05:51:50.979Z] > git ls-files --stage -- /home/www/profileRuang.php [4ms]
[2022-06-23T05:51:57.473Z] > git show --textconv :includes/penelitian.php [5ms]
[2022-06-23T05:51:57.476Z] > git ls-files --stage -- /home/www/includes/penelitian.php [3ms]
[2022-06-23T05:51:59.831Z] > git show --textconv :viewPenelitian.php [6ms]
[2022-06-23T05:51:59.834Z] > git ls-files --stage -- /home/www/viewPenelitian.php [4ms]
[2022-06-23T05:52:26.532Z] > git show --textconv :viewPengumuman.php [6ms]
[2022-06-23T05:52:26.536Z] > git ls-files --stage -- /home/www/viewPengumuman.php [4ms]
[2022-06-23T05:52:27.712Z] > git show --textconv :viewPenelitian.php [6ms]
[2022-06-23T05:52:27.716Z] > git ls-files --stage -- /home/www/viewPenelitian.php [4ms]
[2022-06-23T05:59:49.257Z] > git show --textconv :viewDaftarMateri.php [10ms]
[2022-06-23T05:59:49.261Z] > git ls-files --stage -- /home/www/viewDaftarMateri.php [4ms]
[2022-06-23T06:00:21.018Z] > git show --textconv :viewPenelitian.php [10ms]
[2022-06-23T06:00:21.021Z] > git ls-files --stage -- /home/www/viewPenelitian.php [4ms]
[2022-06-23T06:25:35.140Z] > git show --textconv :viewDaftarMateri.php [7ms]
[2022-06-23T06:25:35.143Z] > git ls-files --stage -- /home/www/viewDaftarMateri.php [4ms]
[2022-06-23T06:25:54.381Z] > git show --textconv :viewPenelitian.php [7ms]
[2022-06-23T06:25:54.384Z] > git ls-files --stage -- /home/www/viewPenelitian.php [4ms]
[2022-06-23T06:30:07.084Z] > git show --textconv :includes/penelitian.php [7ms]
[2022-06-23T06:30:07.087Z] > git ls-files --stage -- /home/www/includes/penelitian.php [4ms]
[2022-06-23T06:31:41.456Z] > git show --textconv :viewPenelitian.php [7ms]
[2022-06-23T06:31:41.460Z] > git ls-files --stage -- /home/www/viewPenelitian.php [4ms]
[2022-06-23T06:31:51.396Z] > git show --textconv :includes/penelitian.php [6ms]
[2022-06-23T06:31:51.399Z] > git ls-files --stage -- /home/www/includes/penelitian.php [3ms]
[2022-06-23T06:38:25.261Z] > git show --textconv :viewPenelitian.php [6ms]
[2022-06-23T06:38:25.265Z] > git ls-files --stage -- /home/www/viewPenelitian.php [4ms]
[2022-06-23T06:39:40.198Z] > git show --textconv :includes/penelitian.php [9ms]
[2022-06-23T06:39:40.201Z] > git ls-files --stage -- /home/www/includes/penelitian.php [4ms]
[2022-06-23T06:39:54.562Z] > git show --textconv :viewPenelitian.php [7ms]
[2022-06-23T06:39:54.565Z] > git ls-files --stage -- /home/www/viewPenelitian.php [4ms]
[2022-06-23T06:40:03.422Z] > git show --textconv :includes/penelitian.php [6ms]
[2022-06-23T06:40:03.425Z] > git ls-files --stage -- /home/www/includes/penelitian.php [4ms]
[2022-06-23T06:40:09.449Z] > git show --textconv :viewPenelitian.php [8ms]
[2022-06-23T06:40:09.459Z] > git ls-files --stage -- /home/www/viewPenelitian.php [10ms]
[2022-06-23T06:40:58.262Z] > git show --textconv :includes/penelitian.php [6ms]
[2022-06-23T06:40:58.265Z] > git ls-files --stage -- /home/www/includes/penelitian.php [3ms]
[2022-06-23T06:42:04.696Z] > git show --textconv :viewPenelitian.php [6ms]
[2022-06-23T06:42:04.699Z] > git ls-files --stage -- /home/www/viewPenelitian.php [3ms]
[2022-06-23T06:42:49.255Z] > git show --textconv :includes/penelitian.php [7ms]
[2022-06-23T06:42:49.258Z] > git ls-files --stage -- /home/www/includes/penelitian.php [4ms]
[2022-06-23T06:43:26.199Z] > git show --textconv :viewPenelitian.php [6ms]
[2022-06-23T06:43:26.202Z] > git ls-files --stage -- /home/www/viewPenelitian.php [4ms]
[2022-06-23T06:43:45.854Z] > git show --textconv :includes/penelitian.php [7ms]
[2022-06-23T06:43:45.860Z] > git ls-files --stage -- /home/www/includes/penelitian.php [7ms]
[2022-06-23T06:43:52.532Z] > git show --textconv :includes/materi.php [9ms]
[2022-06-23T06:43:52.535Z] > git ls-files --stage -- /home/www/includes/materi.php [4ms]
[2022-06-23T06:44:00.447Z] > git show --textconv :includes/penelitian.php [8ms]
[2022-06-23T06:44:00.450Z] > git ls-files --stage -- /home/www/includes/penelitian.php [4ms]
[2022-06-23T06:44:05.157Z] > git show --textconv :includes/materi.php [6ms]
[2022-06-23T06:44:05.160Z] > git ls-files --stage -- /home/www/includes/materi.php [4ms]
[2022-06-23T06:44:12.980Z] > git show --textconv :includes/penelitian.php [6ms]
[2022-06-23T06:44:12.983Z] > git ls-files --stage -- /home/www/includes/penelitian.php [4ms]
[2022-06-23T06:44:29.474Z] > git show --textconv :includes/materi.php [8ms]
[2022-06-23T06:44:29.477Z] > git ls-files --stage -- /home/www/includes/materi.php [4ms]
[2022-06-23T06:44:31.561Z] > git show --textconv :viewPenelitian.php [9ms]
[2022-06-23T06:44:31.565Z] > git ls-files --stage -- /home/www/viewPenelitian.php [4ms]
[2022-06-23T07:34:56.639Z] > git show --textconv :includes/materi.php [9ms]
[2022-06-23T07:34:56.642Z] > git ls-files --stage -- /home/www/includes/materi.php [4ms]
[2022-06-23T07:34:59.872Z] > git show --textconv :includes/penelitian.php [6ms]
[2022-06-23T07:34:59.875Z] > git ls-files --stage -- /home/www/includes/penelitian.php [3ms]
