[2022-03-29T02:57:09.819Z] Validating found git in: git
[2022-03-29T02:57:09.865Z] Using git 2.30.2 from git
[2022-03-29T03:10:08.406Z] > git rev-parse --git-dir [2ms]
[2022-03-29T03:10:08.417Z] Open repository: /home/www
[2022-03-29T03:10:08.434Z] > git fetch [9ms]
[2022-03-29T03:10:08.434Z] error: cannot open .git/FETCH_HEAD: Permission denied
[2022-03-29T03:10:08.485Z] > git symbolic-ref --short HEAD [3ms]
[2022-03-29T03:10:08.490Z] > git for-each-ref --format=%(refname)%00%(upstream:short)%00%(objectname)%00%(upstream:track) refs/heads/master refs/remotes/master [1ms]
[2022-03-29T03:10:08.500Z] > git for-each-ref --sort -committerdate --format %(refname) %(objectname) %(*objectname) [6ms]
[2022-03-29T03:10:08.502Z] > git remote --verbose [3ms]
[2022-03-29T03:10:09.607Z] > git config --get commit.template [175ms]
[2022-03-29T03:10:10.389Z] > git ls-files --stage -- /home/www/index.html [4ms]
[2022-03-29T03:13:32.310Z] > git fetch [6ms]
[2022-03-29T03:13:32.310Z] error: cannot open .git/FETCH_HEAD: Permission denied
[2022-03-29T03:15:23.416Z] > git symbolic-ref --short HEAD [3ms]
[2022-03-29T03:15:23.423Z] > git for-each-ref --format=%(refname)%00%(upstream:short)%00%(objectname)%00%(upstream:track) refs/heads/master refs/remotes/master [2ms]
[2022-03-29T03:15:23.434Z] > git for-each-ref --sort -committerdate --format %(refname) %(objectname) %(*objectname) [7ms]
[2022-03-29T03:15:23.436Z] > git remote --verbose [4ms]
[2022-03-29T03:15:23.509Z] > git config --get commit.template [4ms]
[2022-03-29T03:15:25.001Z] > git ls-files --stage -- /home/www/index.html [2ms]
[2022-03-29T03:15:48.982Z] > git symbolic-ref --short HEAD [3ms]
[2022-03-29T03:15:48.989Z] > git for-each-ref --format=%(refname)%00%(upstream:short)%00%(objectname)%00%(upstream:track) refs/heads/master refs/remotes/master [2ms]
[2022-03-29T03:15:49.001Z] > git for-each-ref --sort -committerdate --format %(refname) %(objectname) %(*objectname) [7ms]
[2022-03-29T03:15:49.003Z] > git remote --verbose [3ms]
[2022-03-29T03:15:49.081Z] > git config --get commit.template [4ms]
[2022-03-29T03:15:50.458Z] > git ls-files --stage -- /home/www/index.html [4ms]
[2022-03-29T03:16:18.309Z] > git symbolic-ref --short HEAD [4ms]
[2022-03-29T03:16:18.316Z] > git for-each-ref --format=%(refname)%00%(upstream:short)%00%(objectname)%00%(upstream:track) refs/heads/main refs/remotes/main [2ms]
[2022-03-29T03:16:18.328Z] > git for-each-ref --sort -committerdate --format %(refname) %(objectname) %(*objectname) [7ms]
[2022-03-29T03:16:18.331Z] > git remote --verbose [4ms]
[2022-03-29T03:16:18.391Z] > git config --get commit.template [4ms]
[2022-03-29T03:16:19.766Z] > git ls-files --stage -- /home/www/index.html [4ms]
[2022-03-29T03:16:32.327Z] > git fetch [5ms]
[2022-03-29T03:16:32.327Z] error: cannot open .git/FETCH_HEAD: Permission denied
[2022-03-29T03:16:57.931Z] > git symbolic-ref --short HEAD [3ms]
[2022-03-29T03:16:57.938Z] > git for-each-ref --format=%(refname)%00%(upstream:short)%00%(objectname)%00%(upstream:track) refs/heads/main refs/remotes/main [2ms]
[2022-03-29T03:16:57.950Z] > git for-each-ref --sort -committerdate --format %(refname) %(objectname) %(*objectname) [7ms]
[2022-03-29T03:16:57.952Z] > git remote --verbose [3ms]
[2022-03-29T03:16:58.020Z] > git config --get commit.template [3ms]
[2022-03-29T03:16:58.072Z] > git ls-files --stage -- /home/www/index.html [3ms]
[2022-03-29T03:16:58.758Z] > git cat-file -s 9c0ca6047d79779b57854e70ecce2c921901a580 [682ms]
[2022-03-29T03:18:25.358Z] > git symbolic-ref --short HEAD [5ms]
[2022-03-29T03:18:25.365Z] > git for-each-ref --format=%(refname)%00%(upstream:short)%00%(objectname)%00%(upstream:track) refs/heads/main refs/remotes/main [2ms]
[2022-03-29T03:18:25.379Z] > git for-each-ref --sort -committerdate --format %(refname) %(objectname) %(*objectname) [8ms]
[2022-03-29T03:18:25.381Z] > git remote --verbose [3ms]
[2022-03-29T03:18:25.461Z] > git config --get commit.template [3ms]
[2022-03-29T03:18:26.829Z] > git ls-files --stage -- /home/www/index.html [16ms]
[2022-03-29T03:18:26.837Z] > git cat-file -s 9c0ca6047d79779b57854e70ecce2c921901a580 [2ms]
[2022-03-29T03:18:40.699Z] > git symbolic-ref --short HEAD [3ms]
[2022-03-29T03:18:40.705Z] > git for-each-ref --format=%(refname)%00%(upstream:short)%00%(objectname)%00%(upstream:track) refs/heads/main refs/remotes/main [2ms]
[2022-03-29T03:18:40.717Z] > git for-each-ref --sort -committerdate --format %(refname) %(objectname) %(*objectname) [7ms]
[2022-03-29T03:18:40.719Z] > git remote --verbose [4ms]
[2022-03-29T03:18:40.783Z] > git config --get commit.template [3ms]
[2022-03-29T03:18:40.833Z] > git ls-files --stage -- /home/www/index.html [4ms]
[2022-03-29T03:18:40.839Z] > git cat-file -s 9c0ca6047d79779b57854e70ecce2c921901a580 [2ms]
[2022-03-29T03:19:32.345Z] > git fetch [6ms]
[2022-03-29T03:19:32.345Z] error: cannot open .git/FETCH_HEAD: Permission denied
[2022-03-29T03:25:45.841Z] > git fetch [6ms]
[2022-03-29T03:25:45.841Z] error: cannot open .git/FETCH_HEAD: Permission denied
[2022-03-29T03:26:45.156Z] > git -c user.useConfigOnly=true commit --quiet --allow-empty-message --file - [14ms]
[2022-03-29T03:26:45.156Z] fatal: Unable to create '/home/www/.git/index.lock': Permission denied
[2022-03-29T03:26:45.163Z] > git config --get-all user.name [2ms]
[2022-03-29T03:27:34.258Z] > git remote add server https://github.com/trenduser1213/SI-pemetaan_laboratorium_ruangan_PENS.git [4ms]
[2022-03-29T03:27:34.258Z] error: could not lock config file .git/config: Permission denied
fatal: could not set 'remote.server.url' to 'https://github.com/trenduser1213/SI-pemetaan_laboratorium_ruangan_PENS.git'
[2022-03-29T03:27:48.972Z] > git ls-files --stage -- /home/www/index.html [5ms]
[2022-03-29T03:27:48.980Z] > git cat-file -s 9c0ca6047d79779b57854e70ecce2c921901a580 [2ms]
[2022-03-29T03:28:06.551Z] > git remote remove origin [3ms]
[2022-03-29T03:28:06.551Z] error: could not lock config file .git/config
error: Could not remove config section 'remote.origin'
[2022-03-29T03:28:24.166Z] > git -c user.useConfigOnly=true commit --quiet --allow-empty-message --file - [15ms]
[2022-03-29T03:28:24.166Z] fatal: Unable to create '/home/www/.git/index.lock': Permission denied
[2022-03-29T03:28:24.175Z] > git config --get-all user.name [3ms]
[2022-03-29T03:28:45.856Z] > git fetch [5ms]
[2022-03-29T03:28:45.856Z] error: cannot open .git/FETCH_HEAD: Permission denied
[2022-03-29T03:29:52.641Z] Close repository: /home/www
