[2022-06-23T00:01:08.148Z] Log level: Info
[2022-06-23T00:01:08.151Z] [info] Validating found git in: git
[2022-06-23T00:01:08.504Z] [info] Using git 2.30.2 from git
[2022-06-23T00:01:08.565Z] > git rev-parse --show-toplevel [27ms]
[2022-06-23T00:01:08.648Z] > git rev-parse --git-dir --git-common-dir [74ms]
[2022-06-23T00:01:08.659Z] [info] Open repository: /home/www
[2022-06-23T00:01:08.870Z] > git status -z -uall [203ms]
[2022-06-23T00:01:10.607Z] > git check-ignore -v -z --stdin [16ms]
[2022-06-23T00:01:11.115Z] > git check-ignore -v -z --stdin [7ms]
[2022-06-23T00:01:11.380Z] > git show --textconv :viewPenelitian.php [50ms]
[2022-06-23T00:01:11.380Z] > git show --textconv :lab.php [35ms]
[2022-06-23T00:01:11.380Z] > git ls-files --stage -- /home/www/viewPenelitian.php [19ms]
[2022-06-23T00:01:11.393Z] > git ls-files --stage -- /home/www/lab.php [16ms]
[2022-06-23T00:06:29.862Z] > git show --textconv :jumlahGedung.php [7ms]
[2022-06-23T00:06:29.866Z] > git ls-files --stage -- /home/www/jumlahGedung.php [5ms]
[2022-06-23T00:14:09.218Z] > git show --textconv :viewPenelitian.php [6ms]
[2022-06-23T00:14:09.221Z] > git ls-files --stage -- /home/www/viewPenelitian.php [4ms]
[2022-06-23T00:37:44.169Z] > git show --textconv :viewPengumuman.php [10ms]
[2022-06-23T00:37:44.173Z] > git ls-files --stage -- /home/www/viewPengumuman.php [5ms]
[2022-06-23T00:37:46.943Z] > git show --textconv :viewDaftarMateri.php [7ms]
[2022-06-23T00:37:46.946Z] > git ls-files --stage -- /home/www/viewDaftarMateri.php [4ms]
[2022-06-23T00:37:47.970Z] > git show --textconv :viewAnggotaRuang.php [8ms]
[2022-06-23T00:37:47.974Z] > git ls-files --stage -- /home/www/viewAnggotaRuang.php [4ms]
[2022-06-23T00:40:28.080Z] > git show --textconv :viewPenelitian.php [7ms]
[2022-06-23T00:40:28.084Z] > git ls-files --stage -- /home/www/viewPenelitian.php [5ms]
[2022-06-23T00:46:01.028Z] > git show --textconv :includes/penelitian.php [8ms]
[2022-06-23T00:46:01.031Z] > git ls-files --stage -- /home/www/includes/penelitian.php [4ms]
[2022-06-23T00:46:01.799Z] > git check-ignore -v -z --stdin [4ms]
[2022-06-23T00:46:19.441Z] > git show --textconv :viewPenelitian.php [6ms]
[2022-06-23T00:46:19.444Z] > git ls-files --stage -- /home/www/viewPenelitian.php [3ms]
