[2022-06-23T02:07:27.108Z] Log level: Info
[2022-06-23T02:07:27.111Z] [info] Validating found git in: git
[2022-06-23T02:07:27.151Z] [info] Using git 2.30.2 from git
[2022-06-23T02:07:27.601Z] > git rev-parse --show-toplevel [434ms]
[2022-06-23T02:07:27.769Z] > git rev-parse --git-dir --git-common-dir [121ms]
[2022-06-23T02:07:27.802Z] [info] Open repository: /home/www
[2022-06-23T02:07:27.863Z] > git fetch [41ms]
[2022-06-23T02:07:27.863Z] error: cannot open .git/FETCH_HEAD: Permission denied
[2022-06-23T02:07:28.169Z] > git status -z -uall [328ms]
[2022-06-23T02:07:28.636Z] > git check-ignore -v -z --stdin [10ms]
[2022-06-23T02:07:29.111Z] > git show --textconv :viewPenelitian.php [8ms]
[2022-06-23T02:07:29.115Z] > git ls-files --stage -- /home/www/viewPenelitian.php [5ms]
[2022-06-23T02:19:10.508Z] > git show --textconv :index.php [8ms]
[2022-06-23T02:19:10.512Z] > git ls-files --stage -- /home/www/index.php [5ms]
[2022-06-23T02:19:10.518Z] > git cat-file -s a3c796521be5648c43d5c4f08723974ddc0ad1e1 [1ms]
[2022-06-23T02:22:34.796Z] > git show --textconv :profileRuang.php [7ms]
[2022-06-23T02:22:34.800Z] > git ls-files --stage -- /home/www/profileRuang.php [4ms]
[2022-06-23T02:22:36.367Z] > git show --textconv :includes/penelitian.php [9ms]
[2022-06-23T02:22:36.371Z] > git ls-files --stage -- /home/www/includes/penelitian.php [4ms]
[2022-06-23T02:22:36.981Z] > git check-ignore -v -z --stdin [6ms]
