[2022-06-22T09:20:59.559Z] Log level: Info
[2022-06-22T09:20:59.564Z] [info] Validating found git in: git
[2022-06-22T09:20:59.599Z] [info] Using git 2.30.2 from git
[2022-06-22T09:21:00.053Z] > git rev-parse --show-toplevel [438ms]
[2022-06-22T09:21:00.193Z] > git rev-parse --git-dir --git-common-dir [105ms]
[2022-06-22T09:21:00.238Z] [info] Open repository: /home/www
[2022-06-22T09:21:00.322Z] > git fetch [50ms]
[2022-06-22T09:21:00.322Z] error: cannot open .git/FETCH_HEAD: Permission denied
[2022-06-22T09:21:00.617Z] > git status -z -uall [333ms]
[2022-06-22T09:21:01.069Z] > git check-ignore -v -z --stdin [8ms]
[2022-06-22T09:21:01.344Z] > git show --textconv :index.php [9ms]
[2022-06-22T09:21:01.348Z] > git ls-files --stage -- /home/www/index.php [4ms]
[2022-06-22T09:21:01.354Z] > git cat-file -s a3c796521be5648c43d5c4f08723974ddc0ad1e1 [2ms]
[2022-06-22T09:25:49.122Z] > git check-ignore -v -z --stdin [4ms]
[2022-06-22T09:25:51.906Z] > git show --textconv :lab.php [7ms]
[2022-06-22T09:25:51.910Z] > git ls-files --stage -- /home/www/lab.php [4ms]
[2022-06-22T09:28:30.823Z] > git show --textconv :profileRuang.php [7ms]
[2022-06-22T09:28:30.827Z] > git ls-files --stage -- /home/www/profileRuang.php [4ms]
[2022-06-22T09:29:40.075Z] > git check-ignore -v -z --stdin [4ms]
[2022-06-22T09:29:42.098Z] > git show --textconv :viewPengumuman.php [7ms]
[2022-06-22T09:29:42.101Z] > git ls-files --stage -- /home/www/viewPengumuman.php [4ms]
[2022-06-22T09:29:49.673Z] > git show --textconv :lab.php [7ms]
[2022-06-22T09:29:49.676Z] > git ls-files --stage -- /home/www/lab.php [4ms]
[2022-06-22T09:29:53.807Z] > git show --textconv :viewPengumuman.php [9ms]
[2022-06-22T09:29:53.811Z] > git ls-files --stage -- /home/www/viewPengumuman.php [4ms]
[2022-06-22T09:29:55.334Z] > git show --textconv :lab.php [8ms]
[2022-06-22T09:29:55.338Z] > git ls-files --stage -- /home/www/lab.php [4ms]
[2022-06-22T09:30:25.419Z] > git show --textconv :index.php [6ms]
[2022-06-22T09:30:25.422Z] > git ls-files --stage -- /home/www/index.php [4ms]
[2022-06-22T09:30:25.427Z] > git cat-file -s a3c796521be5648c43d5c4f08723974ddc0ad1e1 [2ms]
[2022-06-22T09:30:31.787Z] > git show --textconv :profileRuang.php [8ms]
[2022-06-22T09:30:31.790Z] > git ls-files --stage -- /home/www/profileRuang.php [4ms]
