[2022-06-22T11:37:10.727Z] Log level: Info
[2022-06-22T11:37:10.730Z] [info] Validating found git in: git
[2022-06-22T11:37:10.766Z] [info] Using git 2.30.2 from git
[2022-06-22T11:37:11.177Z] > git rev-parse --show-toplevel [396ms]
[2022-06-22T11:37:11.343Z] > git rev-parse --git-dir --git-common-dir [101ms]
[2022-06-22T11:37:11.396Z] [info] Open repository: /home/www
[2022-06-22T11:37:11.627Z] > git status -z -uall [214ms]
[2022-06-22T11:37:12.153Z] > git check-ignore -v -z --stdin [7ms]
[2022-06-22T11:37:12.399Z] > git show --textconv :viewPenelitian.php [6ms]
[2022-06-22T11:37:12.402Z] > git ls-files --stage -- /home/www/viewPenelitian.php [4ms]
[2022-06-22T11:37:26.494Z] > git show --textconv :profileRuang.php [8ms]
[2022-06-22T11:37:26.498Z] > git ls-files --stage -- /home/www/profileRuang.php [5ms]
[2022-06-22T11:38:17.139Z] > git show --textconv :viewPenelitian.php [10ms]
[2022-06-22T11:38:17.143Z] > git ls-files --stage -- /home/www/viewPenelitian.php [5ms]
[2022-06-22T11:38:56.754Z] > git show --textconv :profileRuang.php [10ms]
[2022-06-22T11:38:56.757Z] > git ls-files --stage -- /home/www/profileRuang.php [4ms]
[2022-06-22T11:39:31.197Z] > git show --textconv :viewInfoLab.php [8ms]
[2022-06-22T11:39:31.202Z] > git ls-files --stage -- /home/www/viewInfoLab.php [6ms]
[2022-06-22T11:39:31.231Z] > git check-ignore -v -z --stdin [8ms]
[2022-06-22T11:39:41.354Z] > git show --textconv :profileRuang.php [7ms]
[2022-06-22T11:39:41.358Z] > git ls-files --stage -- /home/www/profileRuang.php [4ms]
[2022-06-22T11:39:50.795Z] > git show --textconv :viewInfoLab.php [7ms]
[2022-06-22T11:39:50.798Z] > git ls-files --stage -- /home/www/viewInfoLab.php [4ms]
[2022-06-22T11:39:52.580Z] > git show --textconv :profileRuang.php [9ms]
[2022-06-22T11:39:52.584Z] > git ls-files --stage -- /home/www/profileRuang.php [4ms]
[2022-06-22T11:40:31.490Z] > git show --textconv :viewInfoLab.php [9ms]
[2022-06-22T11:40:31.494Z] > git ls-files --stage -- /home/www/viewInfoLab.php [4ms]
[2022-06-22T11:41:19.875Z] > git show --textconv :profileRuang.php [7ms]
[2022-06-22T11:41:19.879Z] > git ls-files --stage -- /home/www/profileRuang.php [5ms]
[2022-06-22T11:43:25.537Z] > git show --textconv :viewAnggotaRuang.php [7ms]
[2022-06-22T11:43:25.541Z] > git ls-files --stage -- /home/www/viewAnggotaRuang.php [4ms]
[2022-06-22T11:45:17.284Z] > git show --textconv :inventarisRuang.php [10ms]
[2022-06-22T11:45:17.288Z] > git ls-files --stage -- /home/www/inventarisRuang.php [4ms]
[2022-06-22T11:45:19.814Z] > git show --textconv :viewInfoLab.php [6ms]
[2022-06-22T11:45:19.818Z] > git ls-files --stage -- /home/www/viewInfoLab.php [4ms]
[2022-06-22T11:45:21.687Z] > git show --textconv :viewPenelitian.php [9ms]
[2022-06-22T11:45:21.691Z] > git ls-files --stage -- /home/www/viewPenelitian.php [5ms]
[2022-06-22T11:45:22.706Z] > git show --textconv :viewPengumuman.php [7ms]
[2022-06-22T11:45:22.710Z] > git ls-files --stage -- /home/www/viewPengumuman.php [4ms]
[2022-06-22T11:46:08.059Z] > git show --textconv :viewPenelitian.php [6ms]
[2022-06-22T11:46:08.063Z] > git ls-files --stage -- /home/www/viewPenelitian.php [4ms]
[2022-06-22T11:46:09.903Z] > git show --textconv :viewInfoLab.php [6ms]
[2022-06-22T11:46:09.907Z] > git ls-files --stage -- /home/www/viewInfoLab.php [4ms]
[2022-06-22T11:46:11.457Z] > git show --textconv :viewAnggotaRuang.php [7ms]
[2022-06-22T11:46:11.461Z] > git ls-files --stage -- /home/www/viewAnggotaRuang.php [4ms]
[2022-06-22T11:46:15.448Z] > git show --textconv :profileRuang.php [8ms]
[2022-06-22T11:46:15.451Z] > git ls-files --stage -- /home/www/profileRuang.php [4ms]
[2022-06-22T11:46:22.851Z] > git show --textconv :viewPenelitian.php [8ms]
[2022-06-22T11:46:22.855Z] > git ls-files --stage -- /home/www/viewPenelitian.php [6ms]
[2022-06-22T11:46:24.740Z] > git show --textconv :viewAnggotaRuang.php [6ms]
[2022-06-22T11:46:24.743Z] > git ls-files --stage -- /home/www/viewAnggotaRuang.php [4ms]
[2022-06-22T11:46:50.931Z] > git show --textconv :viewDaftarMateri.php [6ms]
[2022-06-22T11:46:50.934Z] > git ls-files --stage -- /home/www/viewDaftarMateri.php [3ms]
[2022-06-22T11:47:21.240Z] > git show --textconv :viewAnggotaRuang.php [6ms]
[2022-06-22T11:47:21.244Z] > git ls-files --stage -- /home/www/viewAnggotaRuang.php [4ms]
[2022-06-22T11:47:24.366Z] > git show --textconv :viewDaftarMateri.php [9ms]
[2022-06-22T11:47:24.369Z] > git ls-files --stage -- /home/www/viewDaftarMateri.php [3ms]
[2022-06-22T11:47:25.498Z] > git show --textconv :viewInfoLab.php [8ms]
[2022-06-22T11:47:25.502Z] > git ls-files --stage -- /home/www/viewInfoLab.php [5ms]
[2022-06-22T11:47:27.006Z] > git show --textconv :viewPenelitian.php [9ms]
[2022-06-22T11:47:27.009Z] > git ls-files --stage -- /home/www/viewPenelitian.php [4ms]
[2022-06-22T11:47:28.557Z] > git show --textconv :viewPengumuman.php [9ms]
[2022-06-22T11:47:28.561Z] > git ls-files --stage -- /home/www/viewPengumuman.php [5ms]
[2022-06-22T11:47:33.926Z] > git show --textconv :inventarisRuang.php [10ms]
[2022-06-22T11:47:33.929Z] > git ls-files --stage -- /home/www/inventarisRuang.php [4ms]
[2022-06-22T11:47:36.956Z] > git show --textconv :jadwalRuang.php [8ms]
[2022-06-22T11:47:36.960Z] > git ls-files --stage -- /home/www/jadwalRuang.php [4ms]
[2022-06-22T11:47:38.002Z] > git show --textconv :jumlahDosen.php [8ms]
[2022-06-22T11:47:38.005Z] > git ls-files --stage -- /home/www/jumlahDosen.php [4ms]
[2022-06-22T11:47:39.178Z] > git show --textconv :jumlahGedung.php [8ms]
[2022-06-22T11:47:39.182Z] > git ls-files --stage -- /home/www/jumlahGedung.php [5ms]
[2022-06-22T11:47:40.286Z] > git show --textconv :jumlahLab.php [7ms]
[2022-06-22T11:47:40.292Z] > git ls-files --stage -- /home/www/jumlahLab.php [7ms]
[2022-06-22T11:47:41.395Z] > git show --textconv :jumlahRuangan.php [6ms]
[2022-06-22T11:47:41.398Z] > git ls-files --stage -- /home/www/jumlahRuangan.php [4ms]
[2022-06-22T11:47:42.777Z] > git show --textconv :lab.php [6ms]
[2022-06-22T11:47:42.780Z] > git ls-files --stage -- /home/www/lab.php [4ms]
[2022-06-22T11:47:48.945Z] > git show --textconv :login.php [7ms]
[2022-06-22T11:47:48.948Z] > git ls-files --stage -- /home/www/login.php [5ms]
[2022-06-22T11:47:50.018Z] > git show --textconv :profileRuang.php [5ms]
[2022-06-22T11:47:50.021Z] > git ls-files --stage -- /home/www/profileRuang.php [3ms]
[2022-06-22T11:47:51.248Z] > git show --textconv :profileRuangan.php [6ms]
[2022-06-22T11:47:51.251Z] > git ls-files --stage -- /home/www/profileRuangan.php [4ms]
[2022-06-22T11:47:52.379Z] > git show --textconv :rAdmin.php [5ms]
[2022-06-22T11:47:52.383Z] > git ls-files --stage -- /home/www/rAdmin.php [4ms]
[2022-06-22T11:47:54.361Z] > git show --textconv :README.md [6ms]
[2022-06-22T11:47:54.364Z] > git ls-files --stage -- /home/www/README.md [4ms]
[2022-06-22T11:47:54.370Z] > git cat-file -s 0751c6e76880f8e64f5ea61c68e8af722d524892 [1ms]
[2022-06-22T11:47:55.779Z] > git show --textconv :register.php [22ms]
[2022-06-22T11:47:55.782Z] > git ls-files --stage -- /home/www/register.php [5ms]
[2022-06-22T11:47:56.629Z] > git show --textconv :rKuliah.php [10ms]
[2022-06-22T11:47:56.632Z] > git ls-files --stage -- /home/www/rKuliah.php [3ms]
[2022-06-22T11:47:57.819Z] > git show --textconv :rPegawai.php [7ms]
[2022-06-22T11:47:57.823Z] > git ls-files --stage -- /home/www/rPegawai.php [5ms]
[2022-06-22T11:47:59.385Z] > git show --textconv :table.php [6ms]
[2022-06-22T11:47:59.388Z] > git ls-files --stage -- /home/www/table.php [3ms]
[2022-06-22T11:48:00.566Z] > git show --textconv :viewAnggotaRuang.php [7ms]
[2022-06-22T11:48:00.570Z] > git ls-files --stage -- /home/www/viewAnggotaRuang.php [4ms]
[2022-06-22T11:48:02.494Z] > git show --textconv :viewDaftarMateri.php [8ms]
[2022-06-22T11:48:02.518Z] > git ls-files --stage -- /home/www/viewDaftarMateri.php [26ms]
[2022-06-22T11:48:03.279Z] > git show --textconv :viewInfoLab.php [9ms]
[2022-06-22T11:48:03.283Z] > git ls-files --stage -- /home/www/viewInfoLab.php [5ms]
[2022-06-22T11:48:04.172Z] > git show --textconv :viewPenelitian.php [6ms]
[2022-06-22T11:48:04.176Z] > git ls-files --stage -- /home/www/viewPenelitian.php [5ms]
[2022-06-22T11:48:18.558Z] > git show --textconv :viewDaftarMateri.php [9ms]
[2022-06-22T11:48:18.562Z] > git ls-files --stage -- /home/www/viewDaftarMateri.php [4ms]
[2022-06-22T11:48:19.522Z] > git show --textconv :viewAnggotaRuang.php [7ms]
[2022-06-22T11:48:19.525Z] > git ls-files --stage -- /home/www/viewAnggotaRuang.php [4ms]
[2022-06-22T11:48:33.438Z] > git show --textconv :viewDaftarMateri.php [9ms]
[2022-06-22T11:48:33.442Z] > git ls-files --stage -- /home/www/viewDaftarMateri.php [4ms]
[2022-06-22T11:48:34.638Z] > git show --textconv :viewPenelitian.php [8ms]
[2022-06-22T11:48:34.642Z] > git ls-files --stage -- /home/www/viewPenelitian.php [4ms]
[2022-06-22T11:48:36.362Z] > git show --textconv :viewInfoLab.php [7ms]
[2022-06-22T11:48:36.367Z] > git ls-files --stage -- /home/www/viewInfoLab.php [6ms]
[2022-06-22T11:48:43.400Z] > git show --textconv :profileRuang.php [7ms]
[2022-06-22T11:48:43.404Z] > git ls-files --stage -- /home/www/profileRuang.php [5ms]
[2022-06-22T11:48:59.561Z] > git show --textconv :viewInfoLab.php [8ms]
[2022-06-22T11:48:59.567Z] > git ls-files --stage -- /home/www/viewInfoLab.php [7ms]
[2022-06-22T11:49:02.382Z] > git show --textconv :profileRuang.php [7ms]
[2022-06-22T11:49:02.385Z] > git ls-files --stage -- /home/www/profileRuang.php [4ms]
[2022-06-22T11:53:42.383Z] > git show --textconv :viewCardVirtual.php [9ms]
[2022-06-22T11:53:42.386Z] > git ls-files --stage -- /home/www/viewCardVirtual.php [4ms]
[2022-06-22T11:53:42.423Z] > git check-ignore -v -z --stdin [8ms]
[2022-06-22T11:53:45.055Z] > git show --textconv :profileRuang.php [6ms]
[2022-06-22T11:53:45.060Z] > git ls-files --stage -- /home/www/profileRuang.php [4ms]
[2022-06-22T12:01:21.842Z] > git show --textconv :viewInfoLab.php [7ms]
[2022-06-22T12:01:21.846Z] > git ls-files --stage -- /home/www/viewInfoLab.php [5ms]
[2022-06-22T12:01:24.288Z] > git show --textconv :profileRuang.php [9ms]
[2022-06-22T12:01:24.291Z] > git ls-files --stage -- /home/www/profileRuang.php [3ms]
[2022-06-22T12:04:22.921Z] > git show --textconv :index.php [8ms]
[2022-06-22T12:04:22.925Z] > git ls-files --stage -- /home/www/index.php [4ms]
[2022-06-22T12:04:22.931Z] > git cat-file -s a3c796521be5648c43d5c4f08723974ddc0ad1e1 [2ms]
[2022-06-22T12:04:34.502Z] > git show --textconv :profileRuang.php [6ms]
[2022-06-22T12:04:34.505Z] > git ls-files --stage -- /home/www/profileRuang.php [3ms]
[2022-06-22T12:09:24.223Z] > git show --textconv :viewCardVirtual.php [9ms]
[2022-06-22T12:09:24.227Z] > git ls-files --stage -- /home/www/viewCardVirtual.php [4ms]
[2022-06-22T12:09:25.765Z] > git show --textconv :profileRuang.php [7ms]
[2022-06-22T12:09:25.769Z] > git ls-files --stage -- /home/www/profileRuang.php [4ms]
[2022-06-22T12:09:52.764Z] > git show --textconv :viewCardVirtual.php [8ms]
[2022-06-22T12:09:52.767Z] > git ls-files --stage -- /home/www/viewCardVirtual.php [3ms]
[2022-06-22T12:10:11.338Z] > git show --textconv :profileRuang.php [7ms]
[2022-06-22T12:10:11.342Z] > git ls-files --stage -- /home/www/profileRuang.php [4ms]
[2022-06-22T12:11:31.505Z] > git show --textconv :rKuliah.php [10ms]
[2022-06-22T12:11:31.508Z] > git ls-files --stage -- /home/www/rKuliah.php [4ms]
[2022-06-22T12:11:34.429Z] > git show --textconv :lab.php [7ms]
[2022-06-22T12:11:34.433Z] > git ls-files --stage -- /home/www/lab.php [5ms]
[2022-06-22T12:14:00.991Z] > git show --textconv :rKuliah.php [7ms]
[2022-06-22T12:14:00.995Z] > git ls-files --stage -- /home/www/rKuliah.php [4ms]
[2022-06-22T12:29:08.889Z] > git show --textconv :example_auth.php [9ms]
[2022-06-22T12:29:08.893Z] > git ls-files --stage -- /home/www/example_auth.php [4ms]
[2022-06-22T12:29:08.900Z] > git cat-file -s bf92ee0b6b73ed3af8abc7888c161c9c88b4165c [2ms]
[2022-06-22T12:29:25.664Z] > git check-ignore -v -z --stdin [7ms]
[2022-06-22T12:29:27.278Z] > git show --textconv :includes/Oauth.php [9ms]
[2022-06-22T12:29:27.281Z] > git ls-files --stage -- /home/www/includes/Oauth.php [3ms]
[2022-06-22T12:33:37.098Z] > git show --textconv :includes/pegawai.php [6ms]
[2022-06-22T12:33:37.101Z] > git ls-files --stage -- /home/www/includes/pegawai.php [3ms]
[2022-06-22T13:16:24.315Z] > git show --textconv :includes/jadwal.php [8ms]
[2022-06-22T13:16:24.318Z] > git ls-files --stage -- /home/www/includes/jadwal.php [4ms]
[2022-06-22T13:22:43.310Z] > git show --textconv :includes/pegawai.php [6ms]
[2022-06-22T13:22:43.313Z] > git ls-files --stage -- /home/www/includes/pegawai.php [3ms]
[2022-06-22T14:14:57.782Z] > git show --textconv :profileRuang.php [7ms]
[2022-06-22T14:14:57.786Z] > git ls-files --stage -- /home/www/profileRuang.php [5ms]
[2022-06-22T14:15:05.830Z] > git show --textconv :jadwalRuang.php [6ms]
[2022-06-22T14:15:05.834Z] > git ls-files --stage -- /home/www/jadwalRuang.php [4ms]
[2022-06-22T14:51:52.249Z] > git show --textconv :includes/penelitian.php [7ms]
[2022-06-22T14:51:52.252Z] > git ls-files --stage -- /home/www/includes/penelitian.php [4ms]
[2022-06-22T14:51:52.332Z] > git check-ignore -v -z --stdin [5ms]
[2022-06-22T15:07:31.400Z] > git show --textconv :includes/anggotaRuang.php [7ms]
[2022-06-22T15:07:31.403Z] > git ls-files --stage -- /home/www/includes/anggotaRuang.php [4ms]
[2022-06-22T15:07:35.785Z] > git show --textconv :includes/penelitian.php [10ms]
[2022-06-22T15:07:35.789Z] > git ls-files --stage -- /home/www/includes/penelitian.php [4ms]
[2022-06-22T15:07:37.959Z] > git show --textconv :includes/pengumuman.php [6ms]
[2022-06-22T15:07:37.964Z] > git ls-files --stage -- /home/www/includes/pengumuman.php [5ms]
[2022-06-22T15:07:44.416Z] > git show --textconv :includes/penelitian.php [9ms]
[2022-06-22T15:07:44.421Z] > git ls-files --stage -- /home/www/includes/penelitian.php [5ms]
[2022-06-22T15:08:58.227Z] > git show --textconv :includes/pengumuman.php [9ms]
[2022-06-22T15:08:58.230Z] > git ls-files --stage -- /home/www/includes/pengumuman.php [3ms]
[2022-06-22T15:08:59.949Z] > git show --textconv :includes/penelitian.php [8ms]
[2022-06-22T15:08:59.952Z] > git ls-files --stage -- /home/www/includes/penelitian.php [4ms]
[2022-06-22T15:14:26.682Z] > git show --textconv :includes/pengumuman.php [9ms]
[2022-06-22T15:14:26.685Z] > git ls-files --stage -- /home/www/includes/pengumuman.php [4ms]
[2022-06-22T15:14:31.265Z] > git show --textconv :includes/penelitian.php [6ms]
[2022-06-22T15:14:31.267Z] > git ls-files --stage -- /home/www/includes/penelitian.php [3ms]
[2022-06-22T15:14:59.294Z] > git show --textconv :includes/pengumuman.php [6ms]
[2022-06-22T15:14:59.297Z] > git ls-files --stage -- /home/www/includes/pengumuman.php [3ms]
[2022-06-22T15:15:01.831Z] > git show --textconv :includes/penelitian.php [9ms]
[2022-06-22T15:15:01.835Z] > git ls-files --stage -- /home/www/includes/penelitian.php [4ms]
[2022-06-22T15:15:16.186Z] > git show --textconv :includes/pengumuman.php [7ms]
[2022-06-22T15:15:16.189Z] > git ls-files --stage -- /home/www/includes/pengumuman.php [4ms]
[2022-06-22T15:15:29.453Z] > git show --textconv :includes/penelitian.php [9ms]
[2022-06-22T15:15:29.456Z] > git ls-files --stage -- /home/www/includes/penelitian.php [4ms]
[2022-06-22T15:25:48.320Z] > git show --textconv :includes/pengumuman.php [9ms]
[2022-06-22T15:25:48.324Z] > git ls-files --stage -- /home/www/includes/pengumuman.php [4ms]
[2022-06-22T15:25:52.643Z] > git show --textconv :includes/penelitian.php [8ms]
[2022-06-22T15:25:52.646Z] > git ls-files --stage -- /home/www/includes/penelitian.php [3ms]
[2022-06-22T15:29:02.117Z] > git show --textconv :includes/pengumuman.php [7ms]
[2022-06-22T15:29:02.121Z] > git ls-files --stage -- /home/www/includes/pengumuman.php [4ms]
[2022-06-22T15:29:05.543Z] > git show --textconv :includes/penelitian.php [8ms]
[2022-06-22T15:29:05.547Z] > git ls-files --stage -- /home/www/includes/penelitian.php [4ms]
[2022-06-22T15:29:43.206Z] > git show --textconv :includes/pengumuman.php [7ms]
[2022-06-22T15:29:43.209Z] > git ls-files --stage -- /home/www/includes/pengumuman.php [4ms]
[2022-06-22T15:29:45.540Z] > git show --textconv :includes/penelitian.php [7ms]
[2022-06-22T15:29:45.543Z] > git ls-files --stage -- /home/www/includes/penelitian.php [3ms]
[2022-06-22T15:29:57.767Z] > git show --textconv :includes/pengumuman.php [6ms]
[2022-06-22T15:29:57.770Z] > git ls-files --stage -- /home/www/includes/pengumuman.php [3ms]
[2022-06-22T15:30:00.837Z] > git show --textconv :includes/penelitian.php [6ms]
[2022-06-22T15:30:00.840Z] > git ls-files --stage -- /home/www/includes/penelitian.php [3ms]
[2022-06-22T15:30:07.568Z] > git show --textconv :includes/pengumuman.php [7ms]
[2022-06-22T15:30:07.571Z] > git ls-files --stage -- /home/www/includes/pengumuman.php [3ms]
[2022-06-22T15:30:39.234Z] > git show --textconv :includes/penelitian.php [6ms]
[2022-06-22T15:30:39.237Z] > git ls-files --stage -- /home/www/includes/penelitian.php [3ms]
[2022-06-22T15:32:58.382Z] > git show --textconv :includes/pengumuman.php [6ms]
[2022-06-22T15:32:58.386Z] > git ls-files --stage -- /home/www/includes/pengumuman.php [4ms]
[2022-06-22T15:33:05.088Z] > git show --textconv :includes/penelitian.php [6ms]
[2022-06-22T15:33:05.091Z] > git ls-files --stage -- /home/www/includes/penelitian.php [3ms]
