[2022-03-27T05:07:31.612Z] Validating found git in: git
[2022-03-27T05:07:31.659Z] Using git 2.30.2 from git
[2022-03-27T05:33:12.073Z] > git rev-parse --git-dir [7ms]
[2022-03-27T05:33:12.085Z] Open repository: /home/www
[2022-03-27T05:33:12.105Z] > git fetch [12ms]
[2022-03-27T05:33:12.105Z] error: cannot open .git/FETCH_HEAD: Permission denied
[2022-03-27T05:33:12.156Z] > git symbolic-ref --short HEAD [3ms]
[2022-03-27T05:33:12.162Z] > git for-each-ref --format=%(refname)%00%(upstream:short)%00%(objectname)%00%(upstream:track) refs/heads/master refs/remotes/master [2ms]
[2022-03-27T05:33:12.173Z] > git for-each-ref --sort -committerdate --format %(refname) %(objectname) %(*objectname) [7ms]
[2022-03-27T05:33:12.175Z] > git remote --verbose [4ms]
[2022-03-27T05:33:13.182Z] > git config --get commit.template [88ms]
[2022-03-27T05:33:13.893Z] > git ls-files --stage -- /home/www/admin/index.php [3ms]
[2022-03-27T05:33:13.898Z] > git cat-file -s 1354a2c79aa606236de42340058f63b21c85ec8a [1ms]
[2022-03-27T05:36:12.122Z] > git fetch [5ms]
[2022-03-27T05:36:12.122Z] error: cannot open .git/FETCH_HEAD: Permission denied
[2022-03-27T05:39:12.138Z] > git fetch [5ms]
[2022-03-27T05:39:12.138Z] error: cannot open .git/FETCH_HEAD: Permission denied
[2022-03-27T05:42:12.149Z] > git fetch [4ms]
[2022-03-27T05:42:12.149Z] error: cannot open .git/FETCH_HEAD: Permission denied
[2022-03-27T05:43:00.476Z] > git ls-files --stage -- /home/www/includes/config.inc.php [4ms]
[2022-03-27T05:43:00.483Z] > git cat-file -s ebdf986a93cc16a7cd38a561754872537e043c8c [2ms]
[2022-03-27T05:43:22.568Z] > git ls-files --stage -- /home/www/includes/func.inc.php [4ms]
[2022-03-27T05:43:22.576Z] > git cat-file -s 80619dae652b52974d5ed051680a2e4382ef41d2 [3ms]
